<?xml version="1.0" encoding="UTF-8"?>
<testng-results ignored="0" total="1" passed="1" failed="0" skipped="0">
  <reporter-output>
  </reporter-output>
  <suite started-at="2023-06-22T00:51:33 IST" name="Default suite" finished-at="2023-06-22T00:54:18 IST" duration-ms="164810">
    <groups>
    </groups>
    <test started-at="2023-06-22T00:51:33 IST" name="Default test" finished-at="2023-06-22T00:54:18 IST" duration-ms="164810">
      <class name="Automation.TestNG.NewTest">
        <test-method is-config="true" signature="beforeClass()[pri:0, instance:Automation.TestNG.NewTest@79e4c792]" started-at="2023-06-22T00:51:33 IST" name="beforeClass" finished-at="2023-06-22T00:51:33 IST" duration-ms="18" status="PASS">
          <reporter-output>
          </reporter-output>
        </test-method> <!-- beforeClass -->
        <test-method signature="f()[pri:0, instance:Automation.TestNG.NewTest@79e4c792]" started-at="2023-06-22T00:51:33 IST" name="f" finished-at="2023-06-22T00:54:18 IST" duration-ms="164710" status="PASS">
          <reporter-output>
          </reporter-output>
        </test-method> <!-- f -->
        <test-method is-config="true" signature="afterClass()[pri:0, instance:Automation.TestNG.NewTest@79e4c792]" started-at="2023-06-22T00:54:18 IST" name="afterClass" finished-at="2023-06-22T00:54:18 IST" duration-ms="1" status="PASS">
          <reporter-output>
          </reporter-output>
        </test-method> <!-- afterClass -->
      </class> <!-- Automation.TestNG.NewTest -->
    </test> <!-- Default test -->
  </suite> <!-- Default suite -->
</testng-results>
